2023-02-23 21:39:29,508 - INFO - IDR stream initialized
2023-02-23 21:39:29,559 - INFO - CellProfiler metadata has been converted and saved
2023-02-23 21:39:29,660 - INFO - Aspera downloader initialized
2023-02-23 21:39:32,564 - INFO - Basicpy preprocessor initialized
2023-02-23 21:39:33,291 - INFO - CellProfiler stream tmp dir structure created!
2023-02-23 21:39:33,291 - INFO - Running IDR stream with: 
batch_size 3 
start_batch 0 
batches 2248
2023-02-23 21:39:33,291 - INFO - Profiling batch 0 with CellProfiler
2023-02-23 21:39:33,291 - INFO - Processing well A4 from LT0001_02, frames [50]
2023-02-23 21:39:41,310 - INFO - Movie downloaded to: ../tmp/downloads/LT0001_02/00004_01.ch5
2023-02-23 21:39:45,442 - INFO - Saved corrected frames
2023-02-23 21:39:45,442 - INFO - Processing well A15 from LT0001_02, frames [50]
2023-02-23 21:39:52,534 - INFO - Movie downloaded to: ../tmp/downloads/LT0001_02/00015_01.ch5
2023-02-23 21:39:55,994 - INFO - Saved corrected frames
2023-02-23 21:39:55,994 - INFO - Processing well B2 from LT0001_02, frames [50]
2023-02-23 21:40:03,941 - INFO - Movie downloaded to: ../tmp/downloads/LT0001_02/00026_01.ch5
2023-02-23 21:40:06,980 - INFO - Saved corrected frames
2023-02-23 21:40:29,443 - INFO - CellProfiler run done
2023-02-23 21:40:29,540 - INFO - Batch features compiled for CellProfiler features
2023-02-23 21:40:29,542 - INFO - Temporary batch files cleared
2023-02-23 21:40:29,542 - INFO - Profiling batch 1 with CellProfiler
2023-02-23 21:40:29,542 - INFO - Processing well C1 from LT0001_02, frames [50]
2023-02-23 21:40:39,704 - INFO - Movie downloaded to: ../tmp/downloads/LT0001_02/00049_01.ch5
2023-02-23 21:40:42,590 - INFO - Saved corrected frames
2023-02-23 21:40:42,590 - INFO - Processing well C4 from LT0001_02, frames [50]
2023-02-23 21:40:52,846 - INFO - Movie downloaded to: ../tmp/downloads/LT0001_02/00052_01.ch5
2023-02-23 21:40:55,836 - INFO - Saved corrected frames
2023-02-23 21:40:55,836 - INFO - Processing well C15 from LT0001_02, frames [50]
2023-02-23 21:41:03,179 - INFO - Movie downloaded to: ../tmp/downloads/LT0001_02/00063_01.ch5
2023-02-23 21:41:06,152 - INFO - Saved corrected frames
2023-02-23 21:41:28,508 - INFO - CellProfiler run done
2023-02-23 21:41:28,586 - INFO - Batch features compiled for CellProfiler features
2023-02-23 21:41:28,588 - INFO - Temporary batch files cleared
2023-02-23 21:41:28,588 - INFO - Profiling batch 2 with CellProfiler
2023-02-23 21:41:28,588 - INFO - Processing well D2 from LT0001_02, frames [50]
2023-02-23 21:41:36,715 - INFO - Movie downloaded to: ../tmp/downloads/LT0001_02/00074_01.ch5
2023-02-23 21:41:40,149 - INFO - Saved corrected frames
2023-02-23 21:41:40,149 - INFO - Processing well M16 from LT0001_02, frames [50]
2023-02-23 21:41:50,752 - INFO - Movie downloaded to: ../tmp/downloads/LT0001_02/00304_01.ch5
2023-02-23 21:41:53,347 - INFO - Saved corrected frames
2023-02-23 21:41:53,347 - INFO - Processing well N3 from LT0001_02, frames [50]
2023-02-23 21:41:59,348 - INFO - Movie downloaded to: ../tmp/downloads/LT0001_02/00315_01.ch5
2023-02-23 21:42:01,826 - INFO - Saved corrected frames
2023-02-23 21:42:24,175 - INFO - CellProfiler run done
2023-02-23 21:42:24,243 - INFO - Batch features compiled for CellProfiler features
2023-02-23 21:42:24,245 - INFO - Temporary batch files cleared
2023-02-23 21:42:24,279 - INFO - Stream run done in 171.0020833015442 seconds!
