2023-12-28 09:59:14,062 - INFO - IDR stream initialized
2023-12-28 09:59:14,068 - INFO - Aspera downloader initialized
2023-12-28 09:59:47,054 - INFO - IDR stream initialized
2023-12-28 09:59:47,063 - INFO - Aspera downloader initialized
2023-12-28 09:59:49,560 - INFO - Basicpy preprocessor initialized
2023-12-28 09:59:50,300 - INFO - CellPose segmentor initialized
2023-12-28 09:59:50,316 - INFO - Copied Deep Profiler config and checkpoint files
2023-12-28 09:59:50,321 - INFO - Running IDR stream with: 
batch_size 3 
start_batch 0 
batches 2248 
batch nums [0, 1, 2] 
extra metadata []
2023-12-28 09:59:50,321 - INFO - Profiling batch 0 with DeepProfiler
2023-12-28 09:59:50,322 - INFO - Processing well A4 from LT0001_02, frames [50]
2023-12-28 09:59:56,903 - INFO - Movie downloaded to ../tmp/downloads/LT0001_02/00004_01.ch5
2023-12-28 09:59:57,204 - ERROR - Error while profiling batch 0: save_frames() got an unexpected keyword argument 'perform_illumination_correction'
2023-12-28 09:59:57,204 - INFO - Profiling batch 1 with DeepProfiler
2023-12-28 09:59:57,205 - INFO - Processing well C1 from LT0001_02, frames [50]
2023-12-28 10:00:03,497 - INFO - Movie downloaded to ../tmp/downloads/LT0001_02/00049_01.ch5
2023-12-28 10:00:03,797 - ERROR - Error while profiling batch 1: save_frames() got an unexpected keyword argument 'perform_illumination_correction'
2023-12-28 10:00:03,797 - INFO - Profiling batch 2 with DeepProfiler
2023-12-28 10:00:03,798 - INFO - Processing well D2 from LT0001_02, frames [50]
2023-12-28 10:00:10,265 - INFO - Movie downloaded to ../tmp/downloads/LT0001_02/00074_01.ch5
2023-12-28 10:00:10,565 - ERROR - Error while profiling batch 2: save_frames() got an unexpected keyword argument 'perform_illumination_correction'
2023-12-28 10:00:10,606 - INFO - Stream run done in 20.284948587417603 seconds!
2023-12-28 10:01:46,883 - INFO - IDR stream initialized
2023-12-28 10:01:46,891 - INFO - Aspera downloader initialized
2023-12-28 10:01:49,618 - INFO - Basicpy preprocessor initialized
2023-12-28 10:01:50,354 - INFO - CellPose segmentor initialized
2023-12-28 10:01:50,376 - INFO - Copied Deep Profiler config and checkpoint files
2023-12-28 10:01:50,380 - INFO - Running IDR stream with: 
batch_size 3 
start_batch 0 
batches 2248 
batch nums [0, 1, 2] 
extra metadata []
2023-12-28 10:01:50,381 - INFO - Profiling batch 0 with DeepProfiler
2023-12-28 10:01:50,381 - INFO - Processing well A4 from LT0001_02, frames [50]
2023-12-28 10:01:57,082 - INFO - Movie downloaded to ../tmp/downloads/LT0001_02/00004_01.ch5
2023-12-28 10:02:00,660 - INFO - Saved corrected frames
2023-12-28 10:02:06,241 - INFO - Saved nuclei locations
2023-12-28 10:02:06,241 - INFO - Processing well A15 from LT0001_02, frames [50]
2023-12-28 10:02:13,073 - INFO - Movie downloaded to ../tmp/downloads/LT0001_02/00015_01.ch5
2023-12-28 10:02:16,879 - INFO - Saved corrected frames
2023-12-28 10:02:21,089 - INFO - Saved nuclei locations
2023-12-28 10:02:21,089 - INFO - Processing well B2 from LT0001_02, frames [50]
2023-12-28 10:02:27,263 - INFO - Movie downloaded to ../tmp/downloads/LT0001_02/00026_01.ch5
2023-12-28 10:02:30,213 - INFO - Saved corrected frames
2023-12-28 10:02:34,302 - INFO - Saved nuclei locations
2023-12-28 10:02:34,303 - INFO - Compiled index.csv file to ../tmp/DP_project/inputs/metadata/index.csv
2023-12-28 10:02:46,488 - INFO - Deep Profiler run done
2023-12-28 10:02:46,516 - INFO - Batch features compiled with PyCytominer
2023-12-28 10:02:47,150 - INFO - Saved compiled batch features to ../example_extracted_features/DP_features/batch_0.csv.gz
2023-12-28 10:02:47,151 - INFO - Temporary batch files cleared
2023-12-28 10:02:47,151 - INFO - Profiling batch 1 with DeepProfiler
2023-12-28 10:02:47,152 - INFO - Processing well C1 from LT0001_02, frames [50]
2023-12-28 10:02:53,710 - INFO - Movie downloaded to ../tmp/downloads/LT0001_02/00049_01.ch5
2023-12-28 10:02:56,515 - INFO - Saved corrected frames
2023-12-28 10:03:00,520 - INFO - Saved nuclei locations
2023-12-28 10:03:00,520 - INFO - Processing well C4 from LT0001_02, frames [50]
2023-12-28 10:03:06,661 - INFO - Movie downloaded to ../tmp/downloads/LT0001_02/00052_01.ch5
2023-12-28 10:03:09,935 - INFO - Saved corrected frames
2023-12-28 10:03:13,741 - INFO - Saved nuclei locations
2023-12-28 10:03:13,741 - INFO - Processing well C15 from LT0001_02, frames [50]
2023-12-28 10:03:19,752 - INFO - Movie downloaded to ../tmp/downloads/LT0001_02/00063_01.ch5
2023-12-28 10:03:23,068 - INFO - Saved corrected frames
2023-12-28 10:03:26,829 - INFO - Saved nuclei locations
2023-12-28 10:03:26,836 - INFO - Compiled index.csv file to ../tmp/DP_project/inputs/metadata/index.csv
2023-12-28 10:03:38,171 - INFO - Deep Profiler run done
2023-12-28 10:03:38,194 - INFO - Batch features compiled with PyCytominer
2023-12-28 10:03:38,647 - INFO - Saved compiled batch features to ../example_extracted_features/DP_features/batch_1.csv.gz
2023-12-28 10:03:38,648 - INFO - Temporary batch files cleared
2023-12-28 10:03:38,648 - INFO - Profiling batch 2 with DeepProfiler
2023-12-28 10:03:38,648 - INFO - Processing well D2 from LT0001_02, frames [50]
2023-12-28 10:03:46,461 - INFO - Movie downloaded to ../tmp/downloads/LT0001_02/00074_01.ch5
2023-12-28 10:03:49,696 - INFO - Saved corrected frames
2023-12-28 10:03:53,956 - INFO - Saved nuclei locations
2023-12-28 10:03:53,956 - INFO - Processing well M16 from LT0001_02, frames [50]
2023-12-28 10:03:59,918 - INFO - Movie downloaded to ../tmp/downloads/LT0001_02/00304_01.ch5
2023-12-28 10:04:02,473 - INFO - Saved corrected frames
2023-12-28 10:04:06,356 - INFO - Saved nuclei locations
2023-12-28 10:04:06,356 - INFO - Processing well N3 from LT0001_02, frames [50]
2023-12-28 10:04:12,312 - INFO - Movie downloaded to ../tmp/downloads/LT0001_02/00315_01.ch5
2023-12-28 10:04:14,625 - INFO - Saved corrected frames
2023-12-28 10:04:18,675 - INFO - Saved nuclei locations
2023-12-28 10:04:18,676 - INFO - Compiled index.csv file to ../tmp/DP_project/inputs/metadata/index.csv
2023-12-28 10:04:29,782 - INFO - Deep Profiler run done
2023-12-28 10:04:29,804 - INFO - Batch features compiled with PyCytominer
2023-12-28 10:04:30,219 - INFO - Saved compiled batch features to ../example_extracted_features/DP_features/batch_2.csv.gz
2023-12-28 10:04:30,220 - INFO - Temporary batch files cleared
2023-12-28 10:04:30,254 - INFO - Stream run done in 159.87384629249573 seconds!
2023-12-28 10:05:05,471 - INFO - IDR stream initialized
2023-12-28 10:05:05,478 - INFO - Aspera downloader initialized
2023-12-28 10:05:08,131 - INFO - Basicpy preprocessor initialized
2023-12-28 10:05:08,934 - INFO - CellPose segmentor initialized
2023-12-28 10:05:08,966 - INFO - Copied Deep Profiler config and checkpoint files
2023-12-28 10:05:08,972 - INFO - Running IDR stream with: 
batch_size 3 
start_batch 0 
batches 2248 
batch nums [0, 1, 2] 
extra metadata []
2023-12-28 10:05:08,973 - INFO - Profiling batch 0 with DeepProfiler
2023-12-28 10:05:08,973 - INFO - Processing well A4 from LT0001_02, frames [50]
2023-12-28 10:05:15,512 - INFO - Movie downloaded to ../tmp/downloads/LT0001_02/00004_01.ch5
2023-12-28 10:05:17,435 - INFO - Saved frames
2023-12-28 10:05:22,304 - INFO - Saved nuclei locations
2023-12-28 10:05:22,304 - INFO - Processing well A15 from LT0001_02, frames [50]
2023-12-28 10:05:28,900 - INFO - Movie downloaded to ../tmp/downloads/LT0001_02/00015_01.ch5
2023-12-28 10:05:30,746 - INFO - Saved frames
2023-12-28 10:05:34,584 - INFO - Saved nuclei locations
2023-12-28 10:05:34,584 - INFO - Processing well B2 from LT0001_02, frames [50]
2023-12-28 10:05:40,891 - INFO - Movie downloaded to ../tmp/downloads/LT0001_02/00026_01.ch5
2023-12-28 10:05:42,470 - INFO - Saved frames
2023-12-28 10:05:45,692 - INFO - Saved nuclei locations
2023-12-28 10:05:45,693 - INFO - Compiled index.csv file to ../tmp/DP_project/inputs/metadata/index.csv
2023-12-28 10:05:57,823 - INFO - Deep Profiler run done
2023-12-28 10:05:57,851 - INFO - Batch features compiled with PyCytominer
2023-12-28 10:05:58,440 - INFO - Saved compiled batch features to ../example_extracted_features/DP_features__no_ic/batch_0.csv.gz
2023-12-28 10:05:58,441 - INFO - Temporary batch files cleared
2023-12-28 10:05:58,441 - INFO - Profiling batch 1 with DeepProfiler
2023-12-28 10:05:58,441 - INFO - Processing well C1 from LT0001_02, frames [50]
2023-12-28 10:06:05,023 - INFO - Movie downloaded to ../tmp/downloads/LT0001_02/00049_01.ch5
2023-12-28 10:06:06,579 - INFO - Saved frames
2023-12-28 10:06:10,201 - INFO - Saved nuclei locations
2023-12-28 10:06:10,201 - INFO - Processing well C4 from LT0001_02, frames [50]
2023-12-28 10:06:16,453 - INFO - Movie downloaded to ../tmp/downloads/LT0001_02/00052_01.ch5
2023-12-28 10:06:17,936 - INFO - Saved frames
2023-12-28 10:06:20,760 - INFO - Saved nuclei locations
2023-12-28 10:06:20,760 - INFO - Processing well C15 from LT0001_02, frames [50]
2023-12-28 10:06:26,642 - INFO - Movie downloaded to ../tmp/downloads/LT0001_02/00063_01.ch5
2023-12-28 10:06:27,903 - INFO - Saved frames
2023-12-28 10:06:30,666 - INFO - Saved nuclei locations
2023-12-28 10:06:30,667 - INFO - Compiled index.csv file to ../tmp/DP_project/inputs/metadata/index.csv
2023-12-28 10:06:41,919 - INFO - Deep Profiler run done
2023-12-28 10:06:41,942 - INFO - Batch features compiled with PyCytominer
2023-12-28 10:06:42,411 - INFO - Saved compiled batch features to ../example_extracted_features/DP_features__no_ic/batch_1.csv.gz
2023-12-28 10:06:42,412 - INFO - Temporary batch files cleared
2023-12-28 10:06:42,412 - INFO - Profiling batch 2 with DeepProfiler
2023-12-28 10:06:42,412 - INFO - Processing well D2 from LT0001_02, frames [50]
2023-12-28 10:06:49,124 - INFO - Movie downloaded to ../tmp/downloads/LT0001_02/00074_01.ch5
2023-12-28 10:06:50,869 - INFO - Saved frames
2023-12-28 10:06:54,649 - INFO - Saved nuclei locations
2023-12-28 10:06:54,649 - INFO - Processing well M16 from LT0001_02, frames [50]
2023-12-28 10:07:00,721 - INFO - Movie downloaded to ../tmp/downloads/LT0001_02/00304_01.ch5
2023-12-28 10:07:02,088 - INFO - Saved frames
2023-12-28 10:07:04,841 - INFO - Saved nuclei locations
2023-12-28 10:07:04,842 - INFO - Processing well N3 from LT0001_02, frames [50]
2023-12-28 10:07:10,809 - INFO - Movie downloaded to ../tmp/downloads/LT0001_02/00315_01.ch5
2023-12-28 10:07:12,063 - INFO - Saved frames
2023-12-28 10:07:14,868 - INFO - Saved nuclei locations
2023-12-28 10:07:14,874 - INFO - Compiled index.csv file to ../tmp/DP_project/inputs/metadata/index.csv
2023-12-28 10:07:26,275 - INFO - Deep Profiler run done
2023-12-28 10:07:26,297 - INFO - Batch features compiled with PyCytominer
2023-12-28 10:07:26,736 - INFO - Saved compiled batch features to ../example_extracted_features/DP_features__no_ic/batch_2.csv.gz
2023-12-28 10:07:26,737 - INFO - Temporary batch files cleared
2023-12-28 10:07:26,771 - INFO - Stream run done in 137.79855298995972 seconds!
