2022-12-13 11:47:21,697 - INFO - IDR stream initialized
2022-12-13 11:47:36,147 - INFO - IDR stream initialized
2022-12-13 11:47:36,147 - INFO - IDR stream initialized
2022-12-13 11:47:59,133 - INFO - IDR stream initialized
2022-12-13 11:47:59,133 - INFO - IDR stream initialized
2022-12-13 11:47:59,133 - INFO - IDR stream initialized
2022-12-13 11:48:05,485 - INFO - Aspera downloader initialized
2022-12-13 11:48:05,485 - INFO - Aspera downloader initialized
2022-12-13 11:48:05,485 - INFO - Aspera downloader initialized
2022-12-13 11:51:51,618 - INFO - IDR stream initialized
2022-12-13 11:51:53,899 - INFO - Aspera downloader initialized
2022-12-14 07:55:17,064 - INFO - IDR stream initialized
2022-12-14 07:55:39,887 - INFO - Aspera downloader initialized
2022-12-14 07:55:45,057 - INFO - Basicpy preprocessor initialized
2022-12-14 07:55:50,883 - INFO - CellPose segmentor initialized
2022-12-14 07:56:31,918 - INFO - Copied Deep Profiler config and checkpoint files
2022-12-14 07:56:38,772 - INFO - Running IDR stream with: 
batch_size 3 
start_batch 0 
batches 2248
2022-12-14 07:56:38,772 - INFO - Profiling batch 0 with DeepProfiler
2022-12-14 07:56:38,773 - ERROR - Error while profiling batch 0: 'Plate'
2022-12-14 07:56:38,844 - INFO - Stream run done!
2022-12-14 07:58:38,455 - INFO - IDR stream initialized
2022-12-14 07:58:38,489 - INFO - Aspera downloader initialized
2022-12-14 07:58:41,889 - INFO - Basicpy preprocessor initialized
2022-12-14 07:58:42,667 - INFO - CellPose segmentor initialized
2022-12-14 07:58:42,725 - INFO - Copied Deep Profiler config and checkpoint files
2022-12-14 07:58:42,744 - INFO - Running IDR stream with: 
batch_size 3 
start_batch 0 
batches 2248
2022-12-14 07:58:42,744 - INFO - Profiling batch 0 with DeepProfiler
2022-12-14 07:58:42,744 - ERROR - Error while profiling batch 0: 'Plate'
2022-12-14 07:58:42,797 - INFO - Stream run done!
2022-12-14 08:00:29,688 - INFO - IDR stream initialized
2022-12-14 08:00:29,688 - INFO - IDR stream initialized
2022-12-14 08:00:31,270 - INFO - Aspera downloader initialized
2022-12-14 08:00:31,270 - INFO - Aspera downloader initialized
2022-12-14 08:00:33,522 - INFO - Basicpy preprocessor initialized
2022-12-14 08:00:33,522 - INFO - Basicpy preprocessor initialized
2022-12-14 08:00:35,463 - INFO - CellPose segmentor initialized
2022-12-14 08:00:35,463 - INFO - CellPose segmentor initialized
2022-12-14 08:00:37,389 - INFO - Copied Deep Profiler config and checkpoint files
2022-12-14 08:00:37,389 - INFO - Copied Deep Profiler config and checkpoint files
2022-12-14 08:00:39,097 - INFO - Running IDR stream with: 
batch_size 3 
start_batch 0 
batches 2248
2022-12-14 08:00:39,097 - INFO - Running IDR stream with: 
batch_size 3 
start_batch 0 
batches 2248
2022-12-14 08:00:39,097 - INFO - Profiling batch 0 with DeepProfiler
2022-12-14 08:00:39,097 - INFO - Profiling batch 0 with DeepProfiler
2022-12-14 08:00:39,098 - ERROR - Error while profiling batch 0: 'Plate'
2022-12-14 08:00:39,098 - ERROR - Error while profiling batch 0: 'Plate'
2022-12-14 08:00:39,173 - INFO - Stream run done!
2022-12-14 08:00:39,173 - INFO - Stream run done!
2022-12-14 08:00:52,419 - INFO - Running IDR stream with: 
batch_size 3 
start_batch 0 
batches 2248
2022-12-14 08:00:52,419 - INFO - Running IDR stream with: 
batch_size 3 
start_batch 0 
batches 2248
2022-12-14 08:00:52,420 - INFO - Profiling batch 0 with DeepProfiler
2022-12-14 08:00:52,420 - INFO - Profiling batch 0 with DeepProfiler
2022-12-14 08:00:52,420 - ERROR - Error while profiling batch 0: 'Plate'
2022-12-14 08:00:52,420 - ERROR - Error while profiling batch 0: 'Plate'
2022-12-14 08:00:52,483 - INFO - Stream run done!
2022-12-14 08:00:52,483 - INFO - Stream run done!
2022-12-14 08:01:07,645 - INFO - Running IDR stream with: 
batch_size 3 
start_batch 0 
batches 2248
2022-12-14 08:01:07,645 - INFO - Running IDR stream with: 
batch_size 3 
start_batch 0 
batches 2248
2022-12-14 08:01:07,645 - INFO - Profiling batch 0 with DeepProfiler
2022-12-14 08:01:07,645 - INFO - Profiling batch 0 with DeepProfiler
2022-12-14 08:01:07,646 - ERROR - Error while profiling batch 0: 'Plate'
2022-12-14 08:01:07,646 - ERROR - Error while profiling batch 0: 'Plate'
2022-12-14 08:01:07,704 - INFO - Stream run done!
2022-12-14 08:01:07,704 - INFO - Stream run done!
